<?xml version="1.0" encoding="UTF-8"?>
<!-- Generated by org.testng.reporters.JUnitReportReporter -->
<testsuite hostname="ES-LPT448" failures="0" tests="1" name="Api.RestGpt.Petclean" time="2.654" errors="0" timestamp="2024-03-02T19:13:37 EET" skipped="0">
  <testcase classname="Api.RestGpt.Petclean" name="testPutResourceWithoutFileMap" time="2.654"/>
  <system-out/>
</testsuite> <!-- Api.RestGpt.Petclean -->
