<?xml version="1.0" encoding="UTF-8"?>
<!-- Generated by org.testng.reporters.JUnitReportReporter -->
<testsuite hostname="ES-LPT448" failures="0" tests="4" name="Api.RestGpt.login" time="3.428" errors="0" timestamp="2024-03-01T19:58:30 EET" skipped="0">
  <testcase classname="Api.RestGpt.login" name="testPostResource" time="2.373"/>
  <system-out/>
  <testcase classname="Api.RestGpt.login" name="testGetResource" time="0.226"/>
  <system-out/>
  <testcase classname="Api.RestGpt.login" name="testLogout" time="0.417"/>
  <system-out/>
  <testcase classname="Api.RestGpt.login" name="testPostResourcetwice" time="0.412"/>
  <system-out/>
</testsuite> <!-- Api.RestGpt.login -->
