<?xml version="1.0" encoding="UTF-8"?>
<!-- Generated by org.testng.reporters.JUnitReportReporter -->
<testsuite hostname="ES-LPT448" failures="0" tests="2" name="Api.RestGpt.ApiTests" time="4.109" errors="0" timestamp="2024-02-29T19:00:07 EET" skipped="0">
  <testcase classname="Api.RestGpt.ApiTests" name="testPostResourceDynamic" time="2.544"/>
  <system-out/>
  <testcase classname="Api.RestGpt.ApiTests" name="testDeleteResource" time="1.565"/>
  <system-out/>
</testsuite> <!-- Api.RestGpt.ApiTests -->
