<?xml version="1.0" encoding="UTF-8"?>
<!-- Generated by org.testng.reporters.JUnitReportReporter -->
<testsuite hostname="ES-LPT448" failures="0" tests="3" name="Api.RestGpt.Login2" time="51.068" errors="0" timestamp="2024-03-02T22:21:33 EET" skipped="0">
  <testcase classname="Api.RestGpt.Login2" name="testPostResource" time="17.744"/>
  <system-out/>
  <testcase classname="Api.RestGpt.Login2" name="testGetResource" time="27.324"/>
  <system-out/>
  <testcase classname="Api.RestGpt.Login2" name="testLogout" time="6.000"/>
  <system-out/>
</testsuite> <!-- Api.RestGpt.Login2 -->
